<?xml version="1.0" encoding="UTF-8"?>
<testsuite name="com.movie.Spring_backend.MovieServerApplicationTests" tests="1" skipped="0" failures="0" errors="0" timestamp="2023-02-27T16:21:37" hostname="DESKTOP-CCCBGH4" time="0.229">
  <properties/>
  <testcase name="contextLoads()" classname="com.movie.Spring_backend.MovieServerApplicationTests" time="0.229"/>
  <system-out><![CDATA[01:21:24.307 [Test worker] DEBUG org.springframework.test.context.BootstrapUtils - Instantiating CacheAwareContextLoaderDelegate from class [org.springframework.test.context.cache.DefaultCacheAwareContextLoaderDelegate]
01:21:24.326 [Test worker] DEBUG org.springframework.test.context.BootstrapUtils - Instantiating BootstrapContext using constructor [public org.springframework.test.context.support.DefaultBootstrapContext(java.lang.Class,org.springframework.test.context.CacheAwareContextLoaderDelegate)]
01:21:24.379 [Test worker] DEBUG org.springframework.test.context.BootstrapUtils - Instantiating TestContextBootstrapper for test class [com.movie.Spring_backend.MovieServerApplicationTests] from class [org.springframework.boot.test.context.SpringBootTestContextBootstrapper]
01:21:24.398 [Test worker] INFO org.springframework.boot.test.context.SpringBootTestContextBootstrapper - Neither @ContextConfiguration nor @ContextHierarchy found for test class [com.movie.Spring_backend.MovieServerApplicationTests], using SpringBootContextLoader
01:21:24.407 [Test worker] DEBUG org.springframework.test.context.support.AbstractContextLoader - Did not detect default resource location for test class [com.movie.Spring_backend.MovieServerApplicationTests]: class path resource [com/movie/Spring_backend/MovieServerApplicationTests-context.xml] does not exist
01:21:24.408 [Test worker] DEBUG org.springframework.test.context.support.AbstractContextLoader - Did not detect default resource location for test class [com.movie.Spring_backend.MovieServerApplicationTests]: class path resource [com/movie/Spring_backend/MovieServerApplicationTestsContext.groovy] does not exist
01:21:24.409 [Test worker] INFO org.springframework.test.context.support.AbstractContextLoader - Could not detect default resource locations for test class [com.movie.Spring_backend.MovieServerApplicationTests]: no resource found for suffixes {-context.xml, Context.groovy}.
01:21:24.411 [Test worker] INFO org.springframework.test.context.support.AnnotationConfigContextLoaderUtils - Could not detect default configuration classes for test class [com.movie.Spring_backend.MovieServerApplicationTests]: MovieServerApplicationTests does not declare any static, non-private, non-final, nested classes annotated with @Configuration.
01:21:24.491 [Test worker] DEBUG org.springframework.test.context.support.ActiveProfilesUtils - Could not find an 'annotation declaring class' for annotation type [org.springframework.test.context.ActiveProfiles] and class [com.movie.Spring_backend.MovieServerApplicationTests]
01:21:24.591 [Test worker] DEBUG org.springframework.context.annotation.ClassPathScanningCandidateComponentProvider - Identified candidate component class: file [C:\Users\OBJ\PROJECT\Movie_Publish\Project\build\classes\java\main\com\movie\Spring_backend\MovieServerApplication.class]
01:21:24.597 [Test worker] INFO org.springframework.boot.test.context.SpringBootTestContextBootstrapper - Found @SpringBootConfiguration com.movie.Spring_backend.MovieServerApplication for test class com.movie.Spring_backend.MovieServerApplicationTests
01:21:24.797 [Test worker] DEBUG org.springframework.boot.test.context.SpringBootTestContextBootstrapper - @TestExecutionListeners is not present for class [com.movie.Spring_backend.MovieServerApplicationTests]: using defaults.
01:21:24.797 [Test worker] INFO org.springframework.boot.test.context.SpringBootTestContextBootstrapper - Loaded default TestExecutionListener class names from location [META-INF/spring.factories]: [org.springframework.security.test.context.support.WithSecurityContextTestExecutionListener, org.springframework.security.test.context.support.ReactorContextTestExecutionListener, org.springframework.boot.test.autoconfigure.restdocs.RestDocsTestExecutionListener, org.springframework.boot.test.autoconfigure.web.client.MockRestServiceServerResetTestExecutionListener, org.springframework.boot.test.autoconfigure.web.servlet.MockMvcPrintOnlyOnFailureTestExecutionListener, org.springframework.boot.test.autoconfigure.web.servlet.WebDriverTestExecutionListener, org.springframework.boot.test.autoconfigure.webservices.client.MockWebServiceServerTestExecutionListener, org.springframework.boot.test.mock.mockito.MockitoTestExecutionListener, org.springframework.boot.test.mock.mockito.ResetMocksTestExecutionListener, org.springframework.test.context.web.ServletTestExecutionListener, org.springframework.test.context.support.DirtiesContextBeforeModesTestExecutionListener, org.springframework.test.context.event.ApplicationEventsTestExecutionListener, org.springframework.test.context.support.DependencyInjectionTestExecutionListener, org.springframework.test.context.support.DirtiesContextTestExecutionListener, org.springframework.test.context.transaction.TransactionalTestExecutionListener, org.springframework.test.context.jdbc.SqlScriptsTestExecutionListener, org.springframework.test.context.event.EventPublishingTestExecutionListener]
01:21:24.831 [Test worker] INFO org.springframework.boot.test.context.SpringBootTestContextBootstrapper - Using TestExecutionListeners: [org.springframework.test.context.web.ServletTestExecutionListener@5fd9b663, org.springframework.test.context.support.DirtiesContextBeforeModesTestExecutionListener@214894fc, org.springframework.test.context.event.ApplicationEventsTestExecutionListener@10567255, org.springframework.boot.test.mock.mockito.MockitoTestExecutionListener@e362c57, org.springframework.boot.test.autoconfigure.SpringBootDependencyInjectionTestExecutionListener@1c4ee95c, org.springframework.test.context.support.DirtiesContextTestExecutionListener@79c4715d, org.springframework.test.context.transaction.TransactionalTestExecutionListener@5aa360ea, org.springframework.test.context.jdbc.SqlScriptsTestExecutionListener@6548bb7d, org.springframework.security.test.context.support.WithSecurityContextTestExecutionListener@e27ba81, org.springframework.test.context.event.EventPublishingTestExecutionListener@54336c81, org.springframework.security.test.context.support.ReactorContextTestExecutionListener@1556f2dd, org.springframework.boot.test.autoconfigure.restdocs.RestDocsTestExecutionListener@35e52059, org.springframework.boot.test.autoconfigure.web.client.MockRestServiceServerResetTestExecutionListener@62577d6, org.springframework.boot.test.autoconfigure.web.servlet.MockMvcPrintOnlyOnFailureTestExecutionListener@49bd54f7, org.springframework.boot.test.autoconfigure.web.servlet.WebDriverTestExecutionListener@6b5f8707, org.springframework.boot.test.autoconfigure.webservices.client.MockWebServiceServerTestExecutionListener@772485dd, org.springframework.boot.test.mock.mockito.ResetMocksTestExecutionListener@5a12c728]
01:21:24.843 [Test worker] DEBUG org.springframework.test.context.support.AbstractDirtiesContextTestExecutionListener - Before test class: context [DefaultTestContext@2e27d72f testClass = MovieServerApplicationTests, testInstance = [null], testMethod = [null], testException = [null], mergedContextConfiguration = [WebMergedContextConfiguration@c0b41d6 testClass = MovieServerApplicationTests, locations = '{}', classes = '{class com.movie.Spring_backend.MovieServerApplication}', contextInitializerClasses = '[]', activeProfiles = '{}', propertySourceLocations = '{}', propertySourceProperties = '{org.springframework.boot.test.context.SpringBootTestContextBootstrapper=true}', contextCustomizers = set[org.springframework.boot.test.autoconfigure.actuate.metrics.MetricsExportContextCustomizerFactory$DisableMetricExportContextCustomizer@5b07730f, org.springframework.boot.test.autoconfigure.properties.PropertyMappingContextCustomizer@0, org.springframework.boot.test.autoconfigure.web.servlet.WebDriverContextCustomizerFactory$Customizer@3b220bcb, org.springframework.boot.test.context.filter.ExcludeFilterContextCustomizer@12bfd80d, org.springframework.boot.test.json.DuplicateJsonObjectContextCustomizerFactory$DuplicateJsonObjectContextCustomizer@6c6c5427, org.springframework.boot.test.mock.mockito.MockitoContextCustomizer@0, org.springframework.boot.test.web.client.TestRestTemplateContextCustomizer@207ea13, org.springframework.boot.test.context.SpringBootTestArgs@1, org.springframework.boot.test.context.SpringBootTestWebEnvironment@895e367], resourceBasePath = 'src/main/webapp', contextLoader = 'org.springframework.boot.test.context.SpringBootContextLoader', parent = [null]], attributes = map['org.springframework.test.context.web.ServletTestExecutionListener.activateListener' -> true]], class annotated with @DirtiesContext [false] with mode [null].

  .   ____          _            __ _ _
 /\\ / ___'_ __ _ _(_)_ __  __ _ \ \ \ \
( ( )\___ | '_ | '_| | '_ \/ _` | \ \ \ \
 \\/  ___)| |_)| | | | | || (_| |  ) ) ) )
  '  |____| .__|_| |_|_| |_\__, | / / / /
 =========|_|==============|___/=/_/_/_/
 :: Spring Boot ::                (v2.7.7)

2023-02-28 01:21:25.619  INFO 16012 --- [    Test worker] c.m.S.MovieServerApplicationTests        : Starting MovieServerApplicationTests using Java 11 on DESKTOP-CCCBGH4 with PID 16012 (started by OBJ in C:\Users\OBJ\PROJECT\Movie_Publish\Project)
2023-02-28 01:21:25.628  INFO 16012 --- [    Test worker] c.m.S.MovieServerApplicationTests        : No active profile set, falling back to 1 default profile: "default"
2023-02-28 01:21:27.446  INFO 16012 --- [    Test worker] .s.d.r.c.RepositoryConfigurationDelegate : Multiple Spring Data modules found, entering strict repository configuration mode
2023-02-28 01:21:27.450  INFO 16012 --- [    Test worker] .s.d.r.c.RepositoryConfigurationDelegate : Bootstrapping Spring Data JPA repositories in DEFAULT mode.
2023-02-28 01:21:27.800  INFO 16012 --- [    Test worker] .RepositoryConfigurationExtensionSupport : Spring Data JPA - Could not safely identify store assignment for repository candidate interface com.movie.Spring_backend.repository.RefreshTokenRepository; If you want this repository to be a JPA repository, consider annotating your entities with one of these annotations: javax.persistence.Entity, javax.persistence.MappedSuperclass (preferred), or consider extending one of the following types with your repository: org.springframework.data.jpa.repository.JpaRepository
2023-02-28 01:21:27.872  INFO 16012 --- [    Test worker] .s.d.r.c.RepositoryConfigurationDelegate : Finished Spring Data repository scanning in 406 ms. Found 12 JPA repository interfaces.
2023-02-28 01:21:27.895  INFO 16012 --- [    Test worker] .s.d.r.c.RepositoryConfigurationDelegate : Multiple Spring Data modules found, entering strict repository configuration mode
2023-02-28 01:21:27.897  INFO 16012 --- [    Test worker] .s.d.r.c.RepositoryConfigurationDelegate : Bootstrapping Spring Data Redis repositories in DEFAULT mode.
2023-02-28 01:21:27.934  INFO 16012 --- [    Test worker] .RepositoryConfigurationExtensionSupport : Spring Data Redis - Could not safely identify store assignment for repository candidate interface com.movie.Spring_backend.repository.ActorRepository; If you want this repository to be a Redis repository, consider annotating your entities with one of these annotations: org.springframework.data.redis.core.RedisHash (preferred), or consider extending one of the following types with your repository: org.springframework.data.keyvalue.repository.KeyValueRepository
2023-02-28 01:21:27.935  INFO 16012 --- [    Test worker] .RepositoryConfigurationExtensionSupport : Spring Data Redis - Could not safely identify store assignment for repository candidate interface com.movie.Spring_backend.repository.CinemaRepository; If you want this repository to be a Redis repository, consider annotating your entities with one of these annotations: org.springframework.data.redis.core.RedisHash (preferred), or consider extending one of the following types with your repository: org.springframework.data.keyvalue.repository.KeyValueRepository
2023-02-28 01:21:27.937  INFO 16012 --- [    Test worker] .RepositoryConfigurationExtensionSupport : Spring Data Redis - Could not safely identify store assignment for repository candidate interface com.movie.Spring_backend.repository.CommentInfoRepository; If you want this repository to be a Redis repository, consider annotating your entities with one of these annotations: org.springframework.data.redis.core.RedisHash (preferred), or consider extending one of the following types with your repository: org.springframework.data.keyvalue.repository.KeyValueRepository
2023-02-28 01:21:27.938  INFO 16012 --- [    Test worker] .RepositoryConfigurationExtensionSupport : Spring Data Redis - Could not safely identify store assignment for repository candidate interface com.movie.Spring_backend.repository.MemberRepository; If you want this repository to be a Redis repository, consider annotating your entities with one of these annotations: org.springframework.data.redis.core.RedisHash (preferred), or consider extending one of the following types with your repository: org.springframework.data.keyvalue.repository.KeyValueRepository
2023-02-28 01:21:27.939  INFO 16012 --- [    Test worker] .RepositoryConfigurationExtensionSupport : Spring Data Redis - Could not safely identify store assignment for repository candidate interface com.movie.Spring_backend.repository.MovieActorRepository; If you want this repository to be a Redis repository, consider annotating your entities with one of these annotations: org.springframework.data.redis.core.RedisHash (preferred), or consider extending one of the following types with your repository: org.springframework.data.keyvalue.repository.KeyValueRepository
2023-02-28 01:21:27.940  INFO 16012 --- [    Test worker] .RepositoryConfigurationExtensionSupport : Spring Data Redis - Could not safely identify store assignment for repository candidate interface com.movie.Spring_backend.repository.MovieInfoRepository; If you want this repository to be a Redis repository, consider annotating your entities with one of these annotations: org.springframework.data.redis.core.RedisHash (preferred), or consider extending one of the following types with your repository: org.springframework.data.keyvalue.repository.KeyValueRepository
2023-02-28 01:21:27.940  INFO 16012 --- [    Test worker] .RepositoryConfigurationExtensionSupport : Spring Data Redis - Could not safely identify store assignment for repository candidate interface com.movie.Spring_backend.repository.MovieInfoSeatRepository; If you want this repository to be a Redis repository, consider annotating your entities with one of these annotations: org.springframework.data.redis.core.RedisHash (preferred), or consider extending one of the following types with your repository: org.springframework.data.keyvalue.repository.KeyValueRepository
2023-02-28 01:21:27.941  INFO 16012 --- [    Test worker] .RepositoryConfigurationExtensionSupport : Spring Data Redis - Could not safely identify store assignment for repository candidate interface com.movie.Spring_backend.repository.MovieMemberRepository; If you want this repository to be a Redis repository, consider annotating your entities with one of these annotations: org.springframework.data.redis.core.RedisHash (preferred), or consider extending one of the following types with your repository: org.springframework.data.keyvalue.repository.KeyValueRepository
2023-02-28 01:21:27.942  INFO 16012 --- [    Test worker] .RepositoryConfigurationExtensionSupport : Spring Data Redis - Could not safely identify store assignment for repository candidate interface com.movie.Spring_backend.repository.MovieRepository; If you want this repository to be a Redis repository, consider annotating your entities with one of these annotations: org.springframework.data.redis.core.RedisHash (preferred), or consider extending one of the following types with your repository: org.springframework.data.keyvalue.repository.KeyValueRepository
2023-02-28 01:21:27.946  INFO 16012 --- [    Test worker] .RepositoryConfigurationExtensionSupport : Spring Data Redis - Could not safely identify store assignment for repository candidate interface com.movie.Spring_backend.repository.ReservationRepository; If you want this repository to be a Redis repository, consider annotating your entities with one of these annotations: org.springframework.data.redis.core.RedisHash (preferred), or consider extending one of the following types with your repository: org.springframework.data.keyvalue.repository.KeyValueRepository
2023-02-28 01:21:27.946  INFO 16012 --- [    Test worker] .RepositoryConfigurationExtensionSupport : Spring Data Redis - Could not safely identify store assignment for repository candidate interface com.movie.Spring_backend.repository.SeatRepository; If you want this repository to be a Redis repository, consider annotating your entities with one of these annotations: org.springframework.data.redis.core.RedisHash (preferred), or consider extending one of the following types with your repository: org.springframework.data.keyvalue.repository.KeyValueRepository
2023-02-28 01:21:27.947  INFO 16012 --- [    Test worker] .RepositoryConfigurationExtensionSupport : Spring Data Redis - Could not safely identify store assignment for repository candidate interface com.movie.Spring_backend.repository.TheaterRepository; If you want this repository to be a Redis repository, consider annotating your entities with one of these annotations: org.springframework.data.redis.core.RedisHash (preferred), or consider extending one of the following types with your repository: org.springframework.data.keyvalue.repository.KeyValueRepository
2023-02-28 01:21:27.966  INFO 16012 --- [    Test worker] .s.d.r.c.RepositoryConfigurationDelegate : Finished Spring Data repository scanning in 57 ms. Found 1 Redis repository interfaces.
2023-02-28 01:21:29.281  INFO 16012 --- [    Test worker] o.hibernate.jpa.internal.util.LogHelper  : HHH000204: Processing PersistenceUnitInfo [name: default]
2023-02-28 01:21:29.410  INFO 16012 --- [    Test worker] org.hibernate.Version                    : HHH000412: Hibernate ORM core version 5.6.14.Final
2023-02-28 01:21:29.825  INFO 16012 --- [    Test worker] o.hibernate.annotations.common.Version   : HCANN000001: Hibernate Commons Annotations {5.1.2.Final}
2023-02-28 01:21:30.078  INFO 16012 --- [    Test worker] com.zaxxer.hikari.HikariDataSource       : HikariPool-1 - Starting...
2023-02-28 01:21:30.413  INFO 16012 --- [    Test worker] com.zaxxer.hikari.HikariDataSource       : HikariPool-1 - Start completed.
2023-02-28 01:21:30.492  INFO 16012 --- [    Test worker] org.hibernate.dialect.Dialect            : HHH000400: Using dialect: org.hibernate.dialect.MySQL8Dialect
2023-02-28 01:21:32.038  INFO 16012 --- [    Test worker] o.h.e.t.j.p.i.JtaPlatformInitiator       : HHH000490: Using JtaPlatform implementation: [org.hibernate.engine.transaction.jta.platform.internal.NoJtaPlatform]
2023-02-28 01:21:32.052  INFO 16012 --- [    Test worker] j.LocalContainerEntityManagerFactoryBean : Initialized JPA EntityManagerFactory for persistence unit 'default'
2023-02-28 01:21:35.293  INFO 16012 --- [    Test worker] o.s.s.web.DefaultSecurityFilterChain     : Will secure any request with [org.springframework.security.web.session.DisableEncodeUrlFilter@452ea8f0, org.springframework.security.web.context.request.async.WebAsyncManagerIntegrationFilter@e417628, org.springframework.security.web.context.SecurityContextPersistenceFilter@57cfb4d8, org.springframework.security.web.header.HeaderWriterFilter@498bfeec, org.springframework.web.filter.CorsFilter@100d071, org.springframework.security.web.authentication.logout.LogoutFilter@7893b8c, com.movie.Spring_backend.jwt.JwtFilter@46f3d0f7, org.springframework.security.web.savedrequest.RequestCacheAwareFilter@66ca8882, org.springframework.security.web.servletapi.SecurityContextHolderAwareRequestFilter@4c0989f7, org.springframework.security.web.authentication.AnonymousAuthenticationFilter@592fbd8, org.springframework.security.web.session.SessionManagementFilter@7479cdf7, org.springframework.security.web.access.ExceptionTranslationFilter@6138ee0e, org.springframework.security.web.access.intercept.FilterSecurityInterceptor@58ec04f4]
2023-02-28 01:21:36.436  INFO 16012 --- [    Test worker] o.s.b.a.w.s.WelcomePageHandlerMapping    : Adding welcome page: class path resource [static/index.html]
2023-02-28 01:21:37.157  INFO 16012 --- [    Test worker] c.m.S.MovieServerApplicationTests        : Started MovieServerApplicationTests in 12.241 seconds (JVM running for 15.123)
]]></system-out>
  <system-err><![CDATA[]]></system-err>
</testsuite>
